**********************
Windows PowerShell transcript start
Start time: 20160618232115
Username: GOOGLE-THINKPAD\RD
RunAs User: GOOGLE-THINKPAD\RD
Machine: GOOGLE-THINKPAD (Microsoft Windows NT 6.1.7601 Service Pack 1)
Host Application: C:\Windows\system32\WindowsPowerShell\v1.0\PowerShell_ISE.exe
Process ID: 3616
PSVersion: 5.0.10586.117
PSCompatibleVersions: 1.0, 2.0, 3.0, 4.0, 5.0.10586.117
BuildVersion: 10.0.10586.117
CLRVersion: 4.0.30319.17929
WSManStackVersion: 3.0
PSRemotingProtocolVersion: 2.3
SerializationVersion: 1.1.0.1
**********************
Transcript started, output file is D:\Work\PS\GitHub\PS-Scripts\SQLServiceAccount\ServiceAccount_20160618_1121.log
2016-06-18 11:21:15 Testing Connection to 127.0.0.1
2016-06-18 11:21:19 Creating Connection to 127.0.0.1
PS>TerminatingError(New-PSSession): "The running command stopped because the preference variable "ErrorActionPreference" or common parameter is set to Stop: [127.0.0.1] Connecting to remote server 127.0.0.1 failed with the following error message : The client cannot connect to the destination specified in the request. Verify that the service on the destination is running and is accepting requests. Consult the logs and documentation for the WS-Management service running on the destination, most commonly IIS or WinRM. If the destination is the WinRM service, run the following command on the destination to analyze and configure the WinRM service: "winrm quickconfig". For more information, see the about_Remote_Troubleshooting Help topic."
2016-06-18 11:21:27 [127.0.0.1] Connecting to remote server 127.0.0.1 failed with the following error message : The client cannot connect to the destination specified in the request. Verify that the service on the destination is running and is accepting requests. Consult the logs and documentation for the WS-Management service running on the destination, most commonly IIS or WinRM. If the destination is the WinRM service, run the following command on the destination to analyze and configure the WinRM service: "winrm quickconfig". For more information, see the about_Remote_Troubleshooting Help topic.
2016-06-18 11:21:27 Please check "http://msdn.microsoft.com/en-us/library/aa384901(v=vs.85).aspx" for error details
2016-06-18 11:21:27 Clearing Sessions
WARNING: This host does not support transcription.
PS D:\Work\PS\GitHub\PS-Scripts\SQLServiceAccount> Enable-PSRemoting -Force -Verbose
>> TerminatingError(Enable-PSRemoting): "Access is denied. To run this cmdlet, start Windows PowerShell with the "Run as administrator" option."
>> TerminatingError(Enable-PSRemoting): "Access is denied. To run this cmdlet, start Windows PowerShell with the "Run as administrator" option."
Enable-PSRemoting : Access is denied. To run this cmdlet, start Windows PowerShell with the "Run as administrator" option.
At line:1 char:1
+ Enable-PSRemoting -Force -Verbose
+ ~~~~~~~~~~~~~~~~~~~~~~~~~~~~~~~~~
    + CategoryInfo          : NotSpecified: (:) [Enable-PSRemoting], InvalidOperationException
    + FullyQualifiedErrorId : System.InvalidOperationException,Microsoft.PowerShell.Commands.EnablePSRemotingCommand

PS D:\Work\PS\GitHub\PS-Scripts\SQLServiceAccount> Start-Process powershell.exe -Verb RunAs
PS D:\Work\PS\GitHub\PS-Scripts\SQLServiceAccount> cls
**********************
Windows PowerShell transcript end
End time: 20160619002219
**********************
